-25 36113.7 51897.3
-25 31567.8 42299.1 64108.4
-25 20082.2
-25 11400 46036.5 77150.1
-25 18917.3 36236.1
-25 6953.38 20427.8 65101.2
-25 42352.5
Map 1
Trees = 7134
-25 23550 47255.5 57984.2 67675.5 72527.3 73112.6 76277.4 80955.3 84278.5 88254.9
-25 5244.61 13722.5 23325.5 57010.3 57214.1
-25 5528.73 6061.9 6221.52 7301.1 14642.3 22214.2 22616.8 27307.7 31326.5 35176.6 40329.3 54099.7
-25 39188.9 41961 50520.2 52611.8 63222.1 72554.7 72927.4 76336.8
-25 16871.2
-25 3483.31 9091.93 10550.3 18886.8 19576.9 25418.9 27949.8 28040.5 38779.4 41112.9
-25 3230.66 10520.1 19151.1 25452.6 26474.6 26616.4 33074.9 33557.2 34063.8 38237.9 43592.8 47326.5 50504.1 54471 54477.4 61551.4 83831.4 89435.6 100282
-25 5402.27 15652.6 19256.5
-25 608.377 8974.88 26570.8 52423.1 70172.2
-25 892.223 1381.06 1846.19 8619.05 9052.88 9349.25 15458.5 22771.2 30873.7 42804.9
-25 7356.37 7392.81 12298.4 13734 24404.6 32016.2 40031.1 44314.5
-25 1394.01 1637.41 11969.2 13111.9 24018.4 37483.7 38437.5
-25 6340.16 12119.7 15165.1 23980.7
-25 17.5256 17959.4 25471.7 29046.1 31631.1
-25 2952.42 7583.54 15311.3 16624.9 17498.9 20473.1 27882.8 28867.1 35898.8 37755.5 37872.9 44737.9 45787.5 52070.1 54247.2 69474.3 76083.4 84592.8
-25 4521.35 21635 31063.8
-25 11731.3 15581.9 19307.1 20791.2 23571.6 26581.8 28796.7 29587.2 30014.2
-25 3228.55 8779.37
-25 7219.58 17993.2 22870.1 38034.9 39986.6 51659.8 52736.3 53748.5 56559.3 59197.5 62612.5 62906.6 65738.3 73438.1 81390.2
-25 5343.15 14887.7 24835.1 31233.1
-25 781.17 949.664 2955.94 3979.17 8317.63 17249.2 18096 21725 24620.8 38216.4
-25 5040.23 10517.7 46712.4
-25 4044.21 4294.68 8717.93 32456.8
-25 8369.61 10805.5 21859.4 32115.3 33086 36454.6 43209.1 43383.9 45263.4 47592.8 52681.8 61439.1 64438 66987.3
-25 16384.5 52315.1
-25 7448.54 50574.7 56156.4
-25 5396.38 6185.02 7018.8 19637.5 21022 21977.1 29785.5 54680.3 55703.2
-25 3361.1 14423.3 17610.2 25071 32037.7 32074.5 36483.6 39215.5 43140.7
-25 9750.78 15539.8 20802.2 24986 28510.5 29334.9 30955.6 37328.6
-25 3229.98 8953.35 17972 19398 20674.3 25429.1 28243.8 31828.3 35506.1 42410.6 48713.7 49141.2 51029.5 68831.6
-25 4761.26 26354.3 33664.4 49474.4 50686.3 62692.8
-25 7943.51 15872.1 18410.5 30492.1 39607.2 42788.5 43651.5 49184.2 49401.6 50052.2 50355.7 56304.1 59755.2 66576.2 70598.7 72119.1
-25 4611.45 5872.39 8072.84 28783.2 29342.7 34912.7 39103.8 39140.4 41897.7 54658.6 55293.1 57176 58069.8
-25 17311.2 20331.8 25158.5 28824 28858.9 32232.4 44897.2 46128 47511.5 48859.7
-25 6533.74 17704.6 37383 42293.2 61473.1 61745.1 62931.5 66048.4 70519.8 70648.5 71004.7 72294.1 81373.2 81465.7 84624.4 84771.2 88490.5 96304.4
Map 2
Trees = 36032
-25 15685.1 25514.5 27445.8 33710.4
-25 10200.6 31460.2
-25 9754.89 57793.7
-25 2244.76 21496.5 22379.1 26059.9 33351.6 47584.8 47737.6 52648.7 58593.3 67831.8 70013.6 86779
-25 10347.2 17663.1
-25 3862.51 15716.9 24808.2 45518.7 46663.7 51690.6 62481 72737.4
-25 3804.31 15319.6 21331.1 28291.8 33630.9
-25 22632.7 28057 29825.8 53288
-25 6793.75 34801.8 36959.9 37423.4 49102.4 55035.1 60826.7 73103.2 74924 96074.5 108525 110139 115899
-25 9800.41 15113 18727.7 19625.1 31827.2 52128.9 70020.1
-25 17584.5 47403.5
-25 7156.06 13042.7 15186.4 25492.1 44582.2
-25 40704
-25 12416.4 29508.4 38444.4 43532.2 43756.7 47406.5 55446.1 61336.4 89769.8 100240
-25 14478.4 18121 18391.4 29886.7 34993.7 35812.9 36016.9 43531.1
-25 7268.93 11436.5 18568.8 19509
-25 1439.22 11420 13743.2 24287.3
-25 4851.09 11415.8 16600.6 19374.7
-25 14976.7 16773.4 37483.9
-25 354.141 1358.17 1596.32 12984.9 39536.6 62529.9
-25 10403.9 14803.3 15846.6 24645.4 32483 51135.6 54040.3 57503.1
-25 18927 21693.3 48720.1 52626.8 65644.4
-25 13770 45680.3 47804.4 48376.3 59915.7 65964.3 71527 81282.9
-25 19967.7 25822.9 40297.7 40543.6 46059.5 58906.5 60421.8 65099.2 78482.7
-25 18871.5 23569.3 29627.8
-25 17694
Map 3
Trees = 26801
-25 2381.93 4049.54 7287.64 10439.2 14192.3 14212.2 21561.1 22301.8 22441.3 22716.2
-25 5113.9 8803.26 11560.9 12655.6 13597.5 15173.8 15916.1 19464.1 20609.7 20730.7 22186 25082.5 27286.5 28119.9 29426.4 30521.2 31106.9 32820.9 35896 45313.3 46284.4 48785.9 48853.4 52464.9 52714.4 53297.9 54959 56568 56662.9 58078 59072.9 59380 61784.5 62799.6 63066 63199.1 65768.8 67407.9 69392.5 71377.7 81481.9
-25 7421.84 9190.82 11178.6 11744.1 18989.2 20869.8 24670.3 24973.1 31005 31880.5 33300.5 35086.3 41418.7 42904.1 43334.4 49161.8 49596.2 50271.2 52433.8
-25 805.75 2604.12 4538.01 7591.91 8443.9 10223.8 12416.7 13624.2 17197.4 17560.6 18524.4 19137.9 26309 26828.9 29419.1
-25 110.139 385.617 667.574 6560.75 8112.93 8257.49 11683.7 12061.3 12735.2 13450.6 15438.4 26895.4 27019.1 28144.6
-25 469.472 683.169 4406.67 5761.69 6749.3 11151.1 11175.6 11619.3 12155.7 14966 15598 17290.6 19216
-25 1364.36 1515.71 3148.12 5326.31 5993.62 6614.44 10877.1 11877.3 13255.6 13511.6 13971.8 14210.3 16222.1 19244 20136.4 21834.2 23314.4 31478.9 33257.6 33514.4 35217.1 43072.5 45982.8 49187.1 54205.6 55130
-25 719.98 4970.13 6298.07 10401.5 12207.5 13550.2 14326.1 15458.6 22448.6 27901.4 30571.4 33417.6 34140.2 34226.6 35096.5 35904.4 36561.5 37281.2 37577.1 41458.2 41735.1 43615.9 46021.8 46181.5 56189.8 58239.3 58651.5 59699.4 61681.1 62237.2 65279.3 67188.3 67839.6 72879.1 74347.6 75061.9 76500.6 84110.2 90531.6
-25 8355.73 9072.13 16829.5 25297.2 29820.9 30149.9 37980.3 40586.9 41883.7 42252.8 44878.4 45252.7 46871.6 47063 47826.9 50185.9 51292 51695.3 52969.7 53385.4 54441.5 56033.5 57317.4 63310.5 65021.6 65843 68533 70200 73311.3 74314.5 78715.3 82287 84644.2 87527.8 90504.5 91583.4 91612.7
-25 1319.23 6671.26 18207.8 20023.2 26947.5 33426.2 33713.3 39563.2 39769 40587.4 41327.9 41545.9 41600.1 43294.5 44323 44590.9 45804.2 53718.5
-25 3468.09 4339.8 6668.68 6870.66 8123.47 8424.84 9200.51 9427.44 13779.2 19636.5 23417.9 23747.7 27112.5 27483 29980.7 31663 37012 37110.5 37613.8 37655 38455.3 46206.5 48063.7 49115.2 50078.8 51873.1 53361.7 59514.1
-25 7108.69 7864.23 14105.5 16542.3 20990.4 24801.5 27535.7 29964 30450.7 30894.7 36366.5 36662.5 37883 43760.9 45652.1 50405.3 50480.1 55215.3 58340 59623.8 61279.4 68018.6 72549.1 74558.2 75027.1 75629.5
-25 1584.08 2735.94 5793.54 11651.1 14122.5 15094.9 18158.5 22891.3 26590.7 27054.9 29896.6 32346
-25 970.201 2664.42 3224.84 5023.54 5157.82 5770.77 8236.09 8877.49 10562.3 10563.2 13139 13504.3 13868.9 17651.9 20178.2 21618.5 21832.9 22467.3
-25 21339.1 22728 30837.3 30879.7
-25 3562.43 3841.55 4477.74 7514.27 8778.97 8961.02 12287.2 14977.7 15073.4 15369.3 20256.5 20341.9 25301.2 30640.4 32871.6 35559.6 39540.5 40207 47640.4 47964.3 50339.9 61432.8 65885.6 67185.3
-25 1345.85 3609.8 8448.28 9313.79 12725.4 14162.6 14255.3 15116.4 16203.5 20114.9 20752.3 21866.5 22169.4 23951.7 24755.7 24768.7 27450.7 28008.5 28402.9 30386.5 33839.6 34481.3 35407 35785.2 36584.7 36638.7 41044.2 41907.2 43434.6 44573.3 45250.8 47337.9 48456.6 50454.8 53473.8 58451.5 61105.5 61275.3 62054.2 63346.2 66458.8 68687.1 71182.6
-25 4469.2 10126 10276.6 11248.3 12985.6 13563.7 14523.5 14988.9 17703.1 17857.7 18050.1 18717.1 21342.1 22889.6 23569.2 24778.4 25900.5 27604 29569.9 31352.3 42774.5 43653.5 43808.7
-25 1459.69 4659.88 4897.74 6322.37 6570.53 7970.44 8483.51 8524.58 8551.99 9505.62 11220.9 11764.4 12178.4 23900.9 25320.3 25893 26124.7 27573.9 29381.7 29532.9
-25 9899.08 11753 16618.3 17311.2 19351.3 21716.6 26569 27454.3 28079.5 28155 29453.7 31002.5 34268.9 34796.2 35509.9 37614.6 38180.8 40345.5 41287.6 43057.7 43805.6 43899.4 47284 49224.9 49638.9 50402.3 50632.1 52715.1 56240.2 56964.2 57672.2 57771.5 57877.5 59318.7 59479 63625.6 64703.4 66206.9 70184.4 76693.3 78723.7 96071.1
-25 4961.8 6471.27 7370.45 11569.3 14384.8 14477.8 15781.2 24353.8 24529.6
-25 2671.74 5253.56 8066.9 10219.1 15642 17113.9 17306.2 18988.6 21316.4 23510.8 26749.4 27884.9 28358.9 32376.1 32398.6 35169.5 35771.4 36939.5 37242.3 39046 40901 40902.3 42731.2 43832.7 44572.5 45337.2 46852.2 48112 51400.4 57569.6 58916.4 60064.2 61040.8 61212.4 61970.5 63963.1 64793.8 69672 69746 69981.2 74590.7 76008.8 82071.6
-25 1589.41 4480.12 9299.4 12322.2 14019.4 16758.7 17213.6 17399.6 20019.2 21068 21656.9 23429.6 24180.7 25215.1 28357.5 31584.5 33427
-25 504.445 2056.63 3619.02 4356.46 5246.08 7708.55 14119.5 14338.4 16616.9 18091.1 20374.4 20723.4 31410.8 33205.3 37349.7 37897.6 44972.1 46367.7 51119.9
-25 9846.7 11212.3 14409.5 15366.7 17581.8 23984.7 28341.8 29500.3 36573.6 39570.7
-25 10883.5 12140.4 12540.7
-25 8643.26 9650.85 11450.7 17602.9 17725.1 19356.8 29847.2 29924.9 31444.7 32949.6 37879.4 38802.5 42298.5 43676.4 44218 50838.9 51039.1 51969.4 53016.6 54012.7 57525.9 60123 60929.6 61745.7 65407.7 67702.2 68639.2 69163.6
-25 1429.23 1798.65 3999.96 6380.12 8906.19 10397.4 13632.1 16166.7 16861.5 22531.5 23396.9 26065.4 28801.7 29573.4 33349.7 35601.1 37458 39753.6 40457.5 43255.9 44842 45850.1 46203.7 47937.1 49208.3 50426.7 50541.6 51865.8 55722.4 56503 56672.6 58427 60119.6 67894.5 70436.9 72392.1 75198.6 75263 76007.9 77682.2 77942.8 80360.1 81583 85880.5
-25 5811.55 7022.73 7116.03 10220 13766.5 15649.5 16035.4 18021.3 24074.9 26773.2 27178.9 32319.3 35935.5 36801.5 38774 39136 39700.6 41508.7 42090.4 43198.1 45342.5 48455.7 51860.1 53561.1 55800 56581.4 56733.3 57785.3 58373.3 58395.3 61405.2 68457.3 68748.8 74014.7 74753.6
-25 1946.69 2783.35 6195.8 6599.6
-25 3427.11 9628.93 12375 14715.4 17185.9
-25 4098.53 7445.69 9541.37 18082.8 19344.8 20482.6 22121.3 24815.5 30991.4 31898.7 33695.2 34323.1 34943
-25 580.13 3996.45 7813.52 8349.87 10878.7 15327.5 16304.3 16503.7 17776.5 19261.8 19783.2 20785.5 21183.5 21875.7 24364.1 24798 26372.6 33550.7 37993.8 43768.2 43873.1 43906.4 45422.6 48901.9 51651.6 54507.1 56108 59271.2 64232.8 67722.8 70951.3 72416.9 81021.2 84839.2
-25 13478.1 27092 29650.7 38677.6 42500.4 46313.6 47461.8 48826 54664.9 54893.7 60789.7 61856.2 62257.9 62368.5 62511.5 62791.5 68364.8 70715.3 73339.2 75035.8 81869.8
-25 9765.14 10893.4 13621.5 18251.8 24055.1 24193.9 24931.3 27711.7 28330.6 28912.3 30377.5 31193.1 31548.8 33779 34646.8 34931.3 37328.3 37921.2 38687.2 39362.1 41522.7 45134 50727.7 50894.5 50925.4 60363.4 62900.4 64740 65329.1 70603.8 71579.4 71905 74592.5 76294 83269.2 87558.3
-25 6748.16 15668.1 18840 21676.3 22219.2 27155.6 28587.9 37078.1 37350.5 38106.9 39150.1
-25 1723.96 5460.75 5544.12 14522.1 17900.2 18238.5 19439.4 19780.5 20745.4 20805.7 22959.6
-25 4138.59 6408.21 6944.11 15193.1 24213.8 26222.9 27367 28854.7 29013.4 29287.9 30126.2 31820.3 32057.4 32161.7 36608.4 38919 39153.2 41169 41790 43935.7 45907.7 47508.4 48460.9 60967.3 61130.9 63133.8 63610.2 64168.7 64902.3 65102.8 66394.1 67300.3 67672.5 69680.5 69794.9 70854.6 72231.4 73019 75301 77866.3
-25 632.287 884.833 3949.95 6048.31 7035.25 7596.67 12618 34454.2
-25 1015.77 8838.59 9969.97 10249.2 12085.4 17831.1 20648.8 21141.4 23386.9 24172.6 25122.6 26004.2 29970.3 30449.4 34248.6 34404.4 34507.4 35321.2 38553.8 39172.6 39878.5 40168 40565.8 41170.8 45600.9 46659.7 48320.5 50502 51717.1 51987 53295.1 53765.5 56076.8 56672.4 57757.1 57779.2 66522.8 67308.8 68746.2 69196.8
-25 1671.76 2467.73 3007.45 4263.5 6325.32 6987.96 12547.9 14499.3 15144.3 16753.2 21090 23623.7 25245.8 28011.3 28084.9 31927.4
-25 11859.8 13317.7 13613.1 22866.6 23467 24930.6 26209.2 32191.1 33066.6 33385.5 34174 34331.7 37916.2 39451 39687
-25 663.577 4467.93 11472.2 14488.4 17962.2 18527.3 21331.1 23912.4 25954.2 26352.8 26561.4 27476.2 28220.7 28474.8 29886 30606.9 33365.8 33979.7 34517.5 37289.8 39315.4 42206.6 53488.2 53613.8 53628.1 54228.3 54993 56561 56777.7 57370.5 59226.8 60381.6 62404.6 64080.7 64428.8 65965.3 67832.3 72300.6 73525.7 74303.4 74825.8
-25 756.44 3554.55 4267.43 5443.52 8191.64 9020.24 9600.22 10738.3 14407.8 18898 20260.6 21065.3
-25 1711.64 3028.45 5352.79 7300.61 10392.7 11403.8 12402.9 12747.2 14562.3 14691.9 16459.4 17128.8 20219.9 20855.6 20980.1 22509.6 23226.9 23743.3 24662.9 35412.9 35813.4 42214.3 44476.5 45271.5 50959.7 55252.3 56206.2 58299.2
-25 11200.8 11782.8 19159.2 20351.2 20728.9 23782.6 23834.5 24322.3 24526.4 25611.3 27347.5 27863.6 30474.1 31667.4 36382.3 38012.7 38917.1 39452.4 40406.4 42529.6 43054.8 47148.5
-25 1977.22 2746.19 9627.19 11846.4 12826.6 22730.9 23824.4 25848.2 26477 27460.7 31002.4 33858.5 35785.3 37723.6 37750.7 38467.2 44315.8 45625.7 46407 46969 47532.4 51609.7 52606.5 53593.4 54857.3 57103.1
-25 2314.86 9640.19 12687.9 12866.6 17224.3 17770.6 20406 22897.4 23716.4 23827.3 24876.5 26117.4 26585.5 26909.3 32632.9 34210.5 35141.9 35661.6 36564.3 37934.7 41150.5 47955.4 50164.5 51031.3 51542.9 52793 54096.5 54747.4 55939.9 56645.9 58608.7 58958 59168.2 62730.4 64883.8 66957.7 74117.8
-25 1202.18 2549.46 4273.36 6467.47 11117.9 11563.7 12502.8 14878.1 19045.5 20314 21530.4
-25 14370.1 19744.2 21884.5 23359.5 23900.4 31258.9 31481.5 37941.5 43423.4
-25 1651.66 4929.48 10686.4 10944.6 11115.1 11240.3 11959.4 13874.8 16411.6 16946.4 21743.8 27682.6 28539.3 30017
-25 3592.79 3740.39 6262.14 10063.9 14549.1 16089 18679.8 18892.7 26011.9 26882.7 27242 27842.9 29369.5 30517.4 30740.9 32447.7 33352.3 33792.6 34219.2
-25 3265.92 7514.81 9058.27 11780.1 14413.7 14813.3 15360 16363.4 17750.4 18456.6 18893.5 21756.8 23016.6 25572.2 25654.5 25876.9 27516.6 28114.6 28354.8 29733.1 33489.4 33807.5 35079.4 36782.4 37149.6 37983 38759 40849.5 41214.7 43628.7 44490.1 46443.9 51334.1 54086.7 55275.6 56014.5 57382.8 62872 66461.5 70594.6 73460.3 78065.4 81060.7 83595.3
-25 5196 6395.21 6869.7 9433.82 9783.92 12207.9 12649.3 16013.3 18014.7 18987.2 23484.3 23694.7 23767.5 25303.1 27813.5 28234 28659.7 29870.1 30071.6 31853 31919.9 32649.5 34012.4 35887.4 38100.1 40011 40064.5 40458.1 40877.2 44687.3 45525.8 50101.5 53116.9 55924.3
-25 2613.68 9502.56 10086.8 12329.2 12904.3 22410.8 27104.7 31818.7 35427.4 36616.2 37464.8 59679.4
-25 222.847 660.521 2392.1 2558.75 4507.3 5580.33 6192.47 6615.96 8974.76 10725.9 10789.9 11097 15219.7 15564.3 16331 17976.9 19822.1 20044.7 21751.9 24466.1 25005.7 27009.6 28016.8 29775.8 30048.3 35024.8 40300.1 41551.7 42023 42608 43800.4 47010.3 49402.6 52761.6 57172.2 66423.7 67691.2 74052.2
-25 221.701 4277.77 4629.27 8600.41 8759.9 10257.9 10960.6 11601.2 13671.5 14820.6 18069.6 19990.9 20650.5 22249.4 24120.9 24444.8 24900 26010.7 28054.8 28939.4 29990.7 30880.3 32318.8
-25 326.541 1138.47 1172.04 3638.78 4599.83 7442.92 12335.8 12674.9 14452.8 21326.2 22567.7 24666.2 24805.8 28446.4 28665.2 29106.6 30399.6 30518.3 34333 37252.5 40963.3 41201.3 42868.4 44310.9 44491.5 45896.1 46348.6 48350.2 49735 51347.8 52157.6 54199.4
-25 4367.21 14233 14904.8 22637.4 28277.4 31283.3 34362.2 35524.2 41379.3 42475.2 48700 52007.7 53340.3 53785.8 74373.8 76569.5 80472.3
-25 1204.92 3228.01 9061.43 9614.31 12407.7 16376.1 17279.2 19452.4 19666.8 19973.2 21362.4 33018.2 33875.6 34014.4 37028.2 37225.7 40123.9 40907.7 41463.5 43820.7 45545.7 46321.7 46677.8 50081.5 51448.7 52294.2
-25 2821.18 10009.4 10518 27893.6
-25 6757.45 18603.3 21469.6 21745.7 27108.5 30440.1 31170.5 31764.8 32026.7 37003.2 37162.9 40344.6 41144.3 41526.3 41880 42747.4 45381.8 45886.6 46182.1 46391.1 48457.6 48533.9 49407.5 53814.4 58049.3 59686.8 61846.3 65340.8 66391.2 67106.3 68813.1 69214.8
-25 4317.28 7863.46 11094.4 14594.4 15098.1 19783.5 20921.4 29691.4 29983.9 30738.1 32593.2 34366.5 34469 36119.6 36120.3 38771.7 39476.4 39848.9 40234.1
-25 894.517 1360.09 3824.5 7958.31 11952.1 14637.1 14746.4 14834.6 15777.1 16476.3 16656 18227.4 18706.9 20733.9 20900.7 24636.3 27217.3 28728.7 37382.4 38462.9 38719.7 40268.5 40808.5 40867 41880.9 45633.2 45959.6 46282.3 47220.4 49684.6 50121.4 52746.1
-25 6123.44 8003.72 8038 9518.3 9680.55 9802.26 10341.8 11013.4 15065.2 17905.1 18907.7 19007.4 19365 21188.9 21866.3 21975.9 23164.4 25685.2 27330.2 28549.3 28895.5 31256.8 31709.9 36239.9 39092.1 39999.7 40867.2 41825 46026.8 50922.1 50954.2 53251.8 58183.9 58698.7 59383 62181 63091.4 70445.4 73995.7 75349.9 82708.9
-25 1683.42 1907.51 2301.26 3082.32 3577.38 4588.79 4641.64 5275.36 9899.52 11187.7 16273.4 16659.6 18422.9 23189.7 25907.7 32706.2 33127.5 37424.8 43733.1
-25 970.908 2776.31 3411.1
-25 7452.9 10845.4 11754.7 17937.8 21188 23252.8 29237.3 32004.6 37868.1 45681.8 49185.8 49282.4 52729.3 54198.9 55905.8 56531.4 58686.6 64924.3 66089 68359.9
-25 815.508 2562.94 5365.59 5869.84 6839.5 7491.48 7855.67 11654.5 12178.1 12324.2 15872.1 15977.9 18088.1 18458.8 18748.4 19494.5 21153.1 22633.6 25030.2 26251 28402.4 29566.9 29778.1 31454.2 32770.7 33404.7 34365.6 39150.1 41949.5 44982.8 47293.3 49970.8 51713.1 52677 53001.8 62058.6 65328.1 73306.8
-25 9151.66 16454.6 19915.6 21914.5 24324 24862.8 25994.9 29548.8 32597.5 32751.2 35395.1 43955.8 45903.5 49421.8 49782.9 50876.5 56717.8
-25 388.65 1993.17 2409.31 7617.84 8564.11 11415.1 13298.1 15602.2 17276.6 17549 19079.4 19870.2 20397.3 21122.8 23804.2 24148.9 26661.3 29718.6 30462.5 33846 34295.3 35733.3 36250.4 39871.7 40402.3 42718.7 47769 47945.8 47954.6 51072.2 53425.7
-25 2231.73 2785.69 4962.39 10645.8 15617.8 18348.4 18664.8 21232.7 23199.8 24870.2 25787.3 29732.6 32819.7 34640.4 34831.6 35637.7
-25 7357.62 15316.6 15861.8 19071.9
-25 745.353 2036.78 2147.53 4038.01 5132.32 5462.53 10466.2 11528.6 15307.9 15659.5 16260.2 17459.2 17960.4 18874.4 19253.9 24772.5 28136.5 28238.4 29647.1 31729.9 33872.6 34128.5
-25 4991.11 8655.67 13675.2 16672.3 20697.4 25210.9 29870.2 31984.6 32796.4 34955.4 35209.8 40714.5 43927.7 44482.9 45105.5 46846.3 47534.5 47624.2 48608.8 50004.7 50747.8 51533.8 53589.6 55173.8
-25 2813.04 4053.84 13356.8 18259.1 19053.4 20482.8 25946 26210.7 27077.1 29007.5 29979.5 33653.1 34144.7 34160.5 35947.6 36221.3 36638.7 37014 38082.6
-25 1315.51 6920.22
-25 3899.23 8631.05 9448.77 9485.04 11352.8 11681.6 12957.7 14589 14781 14983.9 18008.5 18115.7 19826.7 23849.1 28801 28853.3 31485.6 33753.1 38270.1 38752.7 39580.9 40161 40368.5 49016.1 50199.7
-25 3453.31 6315.13 8838.26 12421.8 12955.9 13764.8 14714.8 17071.1 17996.1 19558.6 20517.4 21866.4 23343.6 23769 23923 28236 29402.1 29968.9 30662.4 37983.6 39313.6 43397.7 49555.6 51814.7 51861 57460.8 57702.6
-25 1261.69 4207.85 7332.27 10954.4 12375.1 15168.1 17484.3 17687.4 19178.6 22504.3 24833.4 31146.6 31802.6 33306.8 35052.7 36529.9 37354.3 38145.8 40638.9 40682.5 41266.5 41578.6 44804.2 44827.5 48216.1 48374 50611.9 52017.9 53991.6 54170.5 54543.3
-25 1590.15 3557.02 3853.93 8168.44 11802.5 13367.6 13397.5 13514.6 20045.8 21561.8 27386.2 28269.7 29054.4 30475.4 32190.4 32729.3 34765.8 36422.7 39472.7 41524.6 42107.5 42261.4 42541.1 43152.5 47151.3 51881.2 65794.7
-25 50.2459 409.063 1526.06 4862.05 7124.77 8514.2 9736.27 9915.87 10775.4 11379.3 14998.7 25671.4 26685.9 28539.5
-25 18845.3 21457.2 26513.5 28763.6 31199.1 34566.1 35027.8 36076.8 36267.1 39148.1 40199.2 42633.3 42924.1 44384 45693.4 46215.8 46339.6 50463.5 51591.8 51946.8 52926.7 53267.2
-25 6068.88 6791.9 14827.8 19692.7 20837.2 20930
-25 2493.58 7119.6 7742.55 8427.08 12271.7 16747.4 20922.6 25497.6 25695.5 26847.1 27670.3 28161.1 29629.5 30050.7 31435.2 32665.7 33610.3 34440.4 38636.3 40618.7 47793.2 48072.6 48644.5 49017.1 49625.1 51368.7 52925.9 55132.8 57169.9 59596.9 59793.9 62031.4 62948.3 63132.3 63653.9 63783.3 66074.6 66577.7 67060 69536.2 74622.5 75051.5 81563.9
-25 1502.14 1981.23 2866.96 2954.56 5823.78 7856.11 9948.64 18708 21136.4 22045.9 22346.7 24070.5 25199.4 28739 28983.3 30170 30231.2 31576.5 31962.6 32818.6 36306.4 37055 38012.2 39769.5 41089.2 41597.1 48048.4 53960.6 57394.9 58114.6 58804 60667.1 62125.1 62208.4 73239.1 73893.9
-25 4309.92 8685.31 9434.27 13375.7 20517.1 35230.4
-25 745.273 9100.6 10763 15324.6 16507.6 17013 17591.3 18761.3 19310.2 21677.5 21681.9 24050 26256.6 26574.8 27487.3 27961.8 30241.3 30362.4 32311.7 33911.4 36947.3 37752.4 38614.2 40130.4 40540.7 40989.7 41417.1 45420.2 46472.3 47982.8 48497.1 50694 52434.5 54298.2 60900.1 61732.6 63295.9 65383.8
-25 968.075 2786.39 5265.01 5303.83 6214.09 6656.39 7744.39 8103.03 11418.2 20285.1 20544.7 24668.8 28499.5 30486.1 35405.5 36869.8 43952
-25 2042.6 2701.25 6162.57 11305.4 11587.7 12656.6 13816.7 16135.5 16256.8 16302.8 16843.4 16977.7 19075.1 19567.7 19933.3 30073.2 32825.4 33247.2 34520.3 37253 37805.9 39494.8 40242.9 40944.5 43370.8 43463.2 44553.4 45061 48015.2 48179.7 48423.4 50811.5 53836 53912.2 54470.7 60247.5 61515.9 63666
-25 8942.18 9679.56 11734.3 18502.8 21045.9 27343.9 31648 37294.2 38602.7 38817.1 42970.8 43172.3 45051.8 45312.2 46042.3 46952.3 47748.8 49328.2 49405 49454.5 50415.6 50552.6 61039.4 63339.2 64266.5 64690.8 66050.2 66634.2 66881.5
-25 1321.65 3355.92 6382.24 7307.11 11740.8 12222.2 12619 16549.4 17426.5 18453.2 18758.2 19470.1 20688 21551.5 22837.9 23954.1 24295.3 24394.5 24977.8 31793.4 37746.2 38181.9 41547.2 41900 43855.1 46684.2 47380.6 47859.8 51156.6 54267.5 55101 55852 56482.3
-25 6249.5 11690.5 15073 16479.4 17194.2 24329.6
-25 10669.3 11031.1 23037.7 26138.2 26905.2 41486.6
-25 8751.36 9943.98 19687.6 24806.9 26452.5 27695.3 31099 34754.8 37611.8 39950.9 40526.7 48302.5 58465.3
-25 3434.41 4369.49 7289.21 9457.16 9611.76 12647.5 16312.5 16845.2 18871.9 20442.8 21681.6 22993.3 23194.4 23864
-25 318.937 438.439 2285.91 2301.59 3303.97 5669.54 7325.74 8735.67 9107.33 9495.75 14899 17295.8 18742.7 19398.3
Map 4
Trees = 96092
-25 1715.57 3305.94 3377.57 19168 20199 21737.7 22330.5 28869.8 30853.1 31668.6 31891.6
-25 1578.21 5410.47 13716.8 17410.6 26304.5 41743.4 45281 47715.1 48896.7 49693.4 63367.6 70056.3
-25 5461.37 8651.39 18773.9 19549.4 21663.7 23638.2 27000.8 32058.9 33225 34003 36392.4 37935.6 38985.1 47477.2 47893.6 49875.6 50678.6 51349.5 53847.6 63208.9 63904.9 64380.4 77690.6 79520.5 79753.1 81408.6
-25 5022.87 7875.71 8959.87 16953.1 18528.3 19945.8 20486.3 20987.6 41787.9 53252.4 53543.9
-25 32797.1 34244.1 37479 38245.5 39323.3 39364.7 52701.9 56580.3 57028.9 61549.8 63386.9 64354.3 64671 65246 67929.8 69893.5 69953.6 70441.5 72543.3 73226.5 75931.8 76593.8 77465 86045.5 88364.6 88985
-25 3052.42 15026.8 17701.9
-25 703.169 1921.69 10104.2 12641.4 14946.4 16965.8 18692.7 20490.4 29235.4 30156.7 31991.8 32982.4 35913.2 38143.7 38596.3 40539.6 45371.5 60168.5 68092.3 71165.2 73911.4
-25 28025.5 28521.1 30196.7 32165.4 33128.3 40020
-25 1555.13 12470.1 13392.9 14817.2 15700.5 16300.4 17980.1 18023 19253.5 22872.1 26638.5 26766.3 32052.1 37168.3 39917.6 47083.1 47970.8 48691.7 54406.5 62977.2 63213.4 70010.5 76382.5 76629.2
-25 8054.82 11205.2 13507.8 16285.4 17000.8 17502.9 19764.5 20510.2 26017 28159.5 29181.7 31397.6 38425.9 38694.4 42199.1 43441.4 44397.2 48246.7 50087.5
-25 269.879 4097.09 11123.4 35551.8 42099.3 45776.8 51597 54023.2 57747.7
-25 1925.17 2975.08 15453.4 16615.2 18175.8 18673 21550.2 28537.6 28945.8 31150.8 31420.5 32669.1 35210.5 36244.8 39519.5 40569.1 47783.6 48111.2 51788.9 62210.6 63507.7 65503.1
-25 6910.18 8849.88 22757.8 25158.2 26284 29612.7
-25 5856.47 19721.8 23910.6 28228.5
-25 1447.72 5194.05 6044.82 32954 35715 39057.5 41604.5 42992.2
-25 4935.73 13009.1 13776.5 17366.2 18873 28424.8 28695.5 29609 37721.8 39420.3 39643.2 41687.9 41843.7 42165.1 43536.1 43913.1 44802.8 50251.8 51444.4 60801.6 66688.2 68102.7 68990.2 72001 79394.4 86754.5 88725.3 94671.6 95966.4 101666
-25 13475 14974.4
-25 9988.12 10802.3
-25 1437.07 2294.28 8541.18 9275.89 9867.98 11371.8 26958.8 36326.8 36845.2 39769.7 46743.9 48636.7
-25 3275.79 17683.5 20770.4 20878.8 26360 26972 30776.5 41470.4 47133.9 47820.8 52842.1 56667.2 56812.8 63896.6 71874.6 77517.6 77784 78298.3 80642.2 88799
-25 10427 16618.8 30983.6 35088.1
-25 993.78 2465.12 8116.44 17680.4 27080.3
-25 516.639 24537.3 36399.9 39747.5 54368.4 56372.5
-25 8937.72 9827.74 16229.2 21116.2
-25 1650.26 3116.66 10936.1 11662.5 14495.1 17015.9 19110.2 23821.3 25799.7 27055.3 30298.4 38442.4 38779.1
-25 2358.62 7424.14 7459.12
-25 27822.7 28319.8 30690.8 33299.3 37173.5 38132.1 39053.8 39254.7 41656.3 42431.5 52180.2 55211.5 64460.1 66161.1 66211.5 67787.1 69325.1 70355.6 81785.6 86161.2 88291.9 88375.4 94115.1 99145.4 101894
-25 4191.49 5693.54 6439.33 7366.47 8505.1 9925.01 20603.3 22434.3 27543.1 29755.2 33002.2 34482.3 35033 35548.8 36575.9 37803.2 40669.3 48846 56291.8 58058.7 69460.6
-25 2921.62 4341.6 31627.7 32396 32760.7 42239.9 43853.8 43895 44490 47232.2
-25 11712.1 18428.5 27800 30626.6 31680.1 33697.8 35424.2 36004.1 36131.4 37818.4 40261.2 41150.8 42250.6 42757.1 43767.4 47278.9 48954.9 49760.2 50091 59727.8 65698.5 66465.7 67961.2 71225.8 80712.8 82319.3
-25 1962.88 7237.12 7432.37 13280.8 27477.5 30813.8 37777.1 38995.5 41114.4 51028 52705 53889 62315.9
-25 1902.22 5547.84 13257.8 13382.6 18206.5 20681.2
-25 8139.7 17114.9 23497.1 24558.8 33286.3 34854.3 38563.7 38883.3 47505.9 54353.3 55043.9 56991.6
-25 16233.3 16443.8 22664 29799.1 43374.9
-25 12858.6 13018.4 13243.9 14861.4 15385.1 19618.9 21790.2 24529.5 26328.3 31626.6
-25 2372.91 11204.6 14135.7 17006.3 19027.4 19388.4 19669.7 22238 25568 27625 28315 29793.3 30801.7 31324 33220.1 39874 43042.7 46978.1 52546.7
-25 974.249 8742.03 14655.6 19681.1 21641.7 24897.7 28556.1 29118 30930.4 32838.1 33335.6 36248.7 37880.9 40012.5 42613.1 53572.9
-25 3138.82 6674.8 7844.58 9705.38 11984.3 12873.4 19440.1 20234.5 21240.3 23753.5 25917.9
-25 596.113 1671.53 3060.53 6917.37 10397.2 13039 14584.2 31857.5 33242.4
-25 5305.45 7091.88 7689.65 9527.76 10266.6 13795.8 14734.1 22999.8 24155.9 25946 28026.1 28217.5 29128 34756 36830.4 38765.9 40944.2 41216.9 54684.4
-25 572.903 2532.12 3171.97 7371.38 10493.6 26967.6 35088.7
-25 36639.2 38433.1 40780 41408.1 42336.1 43788.5 50899.6 53365.2 61228.5 61563.7 62427.1 66702.8 68600.5 68756.5 70916.4 71350.5 72742.7 73088.2 73824.3 75451.5 75802.8 84515.2 85524.7 86028.3 98250.4 99769.1 100975 104171 123219
-25 549.967 2777.49 6422.5 16982.3 23551.7 31351.1 33132 35813.5 44902.4 46237.4 62657.8
-25 2169.85 5898.9 6814.12 13091.2 14809.5 17677.2 18862 19356.8 23172.7 25867.2 31964.3 35919.6 36214.1 39041.6 41017.6 41075.3
-25 9014.74 12143.1 15221.4 17473.4 17815.3 18033.9 21484.9 25433.1 25930.8 28929 29043 29775.9 31920.5 36419 38294.3 50273.9 50690.3 54040.6 57919.5 63757.1
-25 8286.03 15868.8 19627.8 22693.9 25118.2 25708.5 26851.5 33092.8 35029.5 37615.3 39326.5 52641.2 53564
-25 6907.11 12886.4 14671.9 17076.5 17287.9 34555 37656.3 39643.5 41592.1 41758.2 42341.2 43689.5 45051.8 45927.6 48449.4 51967.6 54224.5
-25 16070.6 33824.1 42450.4 44706.1 54795.7 56137.8 58078.6 67328.7 68448.5 80134.3 81406.8 82395.4 96412.5 96794.1 103621
-25 2342.59 22012
-25 855.739 1198.75 15283 16452.7 18741.3 21129.6 22536.4 27672 32741.1 36030.2 39151.8 40632.3 42555.1 44457.2 48663.5 50504 51104.4 52057.2 54183.4 54425.6 56938.2 57895.8
-25 7535.66 15089.9 19118.7 24606.8 26114.6 26635.3 31562.2 32009.8 36313.8
-25 1425.56 12325.1 12663.9
-25 331.802 2186.59 3525.85 12441.2 13021.3 13285.6 16578.1
-25 8730.33 9730.95 16416.9 25829.2 51454.2 58464.4 62297.6 65639.7 73702.4 79510.1
Map 5
Trees = 54809
