-25 36113.9 51897.3
-25 31567 42298.5 64108.4
-25 20082.2
-25 11399.7 46035.5 77150.1
-25 18917.4 36236.1
-25 6953.22 20427.6 65101.2
-25 42352.5
Map 1
Trees = 7134
-25 23549.7 47255.4 57984.9 67675.7 72528.1 73112.6 76277.5 80955.7 84279.2 88254.9
-25 5243.84 13721.8 23325.2 57010 57214.1
-25 5529.12 6062.67 6221.88 7302.4 14642.8 22214.4 22617.4 27308.8 31327.2 35177 40329.5 54099.7
-25 39188.2 41960 50519.6 52611.5 63221.2 72554.4 72926.6 76336.8
-25 16871.2
-25 3483.35 9091.87 10550.7 18886.3 19576.4 25418.3 27949.1 28040.8 38778.9 41112.9
-25 3230.15 10520.1 19151.1 25452.3 26475 26616.4 33075.3 33557 34063.4 38237.8 43592.6 47326.4 50504.2 54471.4 54477 61551.3 83832.1 89435.9 100282
-25 5402.32 15652.3 19256.5
-25 607.79 8974.66 26570.2 52423.1 70172.2
-25 892.934 1381.27 1846.18 8619.39 9053.05 9349.72 15458.5 22771.2 30873.8 42804.9
-25 7357.2 7393.96 12299.5 13735 24405.9 32016.9 40031.8 44314.5
-25 1394.48 1637.26 11969.4 13111.6 24018.5 37484.4 38437.5
-25 6339.88 12119.5 15164.4 23980.7
-25 18.3848 17960.3 25472.2 29047.3 31631.1
-25 2951.54 7583.5 15311 16624.5 17498.5 20472.2 27882.2 28867 35898.1 37754.9 37872.8 44737.6 45786.9 52069.9 54246.3 69473.6 76083.3 84592.8
-25 4520.84 21634 31063.8
-25 11730.9 15581.1 19306.3 20790.5 23570.8 26581.4 28796.2 29586.9 30014.2
-25 3229.37 8779.37
-25 7220.27 17994.1 22871 38036 39987.2 51660.4 52737.2 53748.8 56560 59197.7 62613.1 62907.3 65738.7 73438.3 81390.2
-25 5343.77 14888.2 24835.8 31233.1
-25 781.184 949.425 2955.33 3978.81 8317.07 17249 18095.3 21724.5 24620.7 38216.4
-25 5039.34 10517 46712.4
-25 4045.04 4295.43 8718.81 32456.8
-25 8370.34 10806.5 21860.2 32115.9 33086.2 36454.9 43209.5 43384.4 45264.4 47593.5 52682.9 61439.5 64439.1 66987.3
-25 16384.4 52315.1
-25 7449.05 50575.6 56156.4
-25 5395.74 6184.36 7018.69 19636.6 21021.4 21977.2 29785.3 54679.8 55703.2
-25 3361.65 14423.9 17610.7 25071.8 32038.4 32075.6 36484 39216.3 43140.7
-25 9750.76 15540 20802.5 24986.2 28510.8 29335 30955.3 37328.6
-25 3229.61 8952.7 17971.9 19397.2 20674.3 25428.7 28242.9 31828.1 35505.6 42410.4 48713.6 49141.1 51029 68831.6
-25 4761.12 26353.9 33665 49474.7 50686.7 62692.8
-25 7944.33 15872.4 18411.2 30492.9 39607.4 42789.4 43651.5 49184.7 49401.6 50052.9 50355.9 56304.6 59756 66576.8 70598.7 72119.1
-25 4612.29 5873.32 8073.22 28783.7 29343.4 34913.2 39104.1 39141 41898.6 54658.9 55293.5 57176.6 58069.8
-25 17311.8 20332.5 25158.9 28825 28859.9 32232.8 44897.4 46128.5 47512.4 48859.7
-25 6534.37 17705 37383.8 42294.5 61473.5 61745.8 62931.9 66049.4 70520.4 70648.9 71005.7 72295.3 81374 81466.6 84625.2 84771.7 88491.3 96304.4
Map 2
Trees = 36029
-25 15685.5 25514.9 27446.5 33710.4
-25 10201.4 31460.2
-25 9755.53 57793.7
-25 2245.05 21496.6 22379.9 26060.4 33352.6 47585.2 47738.1 52648.7 58593.6 67832.3 70014.5 86779
-25 10347.8 17663.1
-25 3862.06 15716 24807.8 45518.1 46663.2 51689.4 62480.8 72737.4
-25 3803.62 15318.6 21330.5 28291.3 33630.9
-25 22632 28056.2 29825.2 53288
-25 6794.26 34802.3 36961 37423.8 49102.6 55035.3 60827.5 73103.9 74924.9 96074.8 108525 110139 115899
-25 9799.83 15112.9 18727.6 19624.4 31826.9 52128.1 70020.1
-25 17585 47403.5
-25 7155.64 13042.3 15186.4 25492.1 44582.2
-25 40704
-25 12416.1 29508 38444.1 43531.9 43756.5 47406.3 55445.8 61336.4 89769.4 100240
-25 14478.9 18121.3 18391.5 29886.8 34993.7 35812.8 36017.1 43531.1
-25 7268.52 11436.3 18568.5 19509
-25 1440.03 11420.8 13744 24287.3
-25 4851.92 11416.1 16600.6 19374.7
-25 14977.1 16774 37483.9
-25 354.611 1358.5 1596.93 12984.7 39536.7 62529.9
-25 10404.7 14803.5 15847.2 24646.3 32483.8 51135.9 54040.9 57503.1
-25 18925.8 21692.6 48719.6 52626.5 65644.4
-25 13770.4 45681.3 47805.4 48377.4 59915.9 65965.1 71528.1 81282.9
-25 19967.6 25822.5 40297.6 40543.4 46059.7 58906.2 60421.6 65098.9 78482.7
-25 18871.5 23569.5 29627.8
-25 17694
Map 3
Trees = 26800
-25 2381.89 4049.59 7287.11 10438.6 14192 14211.4 21560.7 22301.5 22440.7 22716.2
-25 5113.52 8802.78 11560.2 12655.2 13597 15173.4 15916.1 19463.2 20609.2 20730.3 22185.6 25082.2 27286.1 28119.9 29426 30521 31106.5 32820 35895.7 45313 46283.9 48785.1 48853.2 52464.4 52713.6 53297.1 54958.5 56568 56662 58077.3 59072.2 59379.4 61783.6 62799.5 63065.7 63198.8 65768.1 67407.5 69392.3 71377 81481.9
-25 7421.76 9190.88 11178.6 11744.3 18988.7 20869.6 24670.5 24973.4 31005.1 31880.7 33300.7 35086.1 41419.2 42904.7 43335 49162.2 49596.1 50270.8 52433.8
-25 805.864 2604.27 4538.27 7591.95 8443.91 10223.9 12417 13624.7 17197.3 17560.8 18524.3 19137.7 26309.3 26829 29419.1
-25 111.072 386.219 668.33 6561.2 8112.95 8258.03 11683.7 12061.9 12736.2 13451.6 15438.5 26896.1 27020.1 28144.6
-25 469.564 683.424 4406.83 5762.19 6749.33 11150.8 11175.5 11619.6 12155.5 14966.2 15598.2 17291.2 19216
-25 1363.39 1514.77 3146.97 5325.5 5993.38 6613.46 10876.4 11876.9 13255.1 13511.3 13971.5 14210.2 16221.8 19243.4 20136.1 21833.6 23313.5 31478.3 33256.6 33513.7 35216.5 43072.4 45981.8 49186.1 54205 55130
-25 719.242 4969.43 6297.26 10400.6 12207.3 13549.3 14325.9 15457.6 22448 27900.3 30571.2 33417.1 34139.4 34225.9 35096.1 35903.8 36560.7 37281 37576.7 41457.7 41734.3 43615.5 46020.9 46180.8 56189.1 58239.2 58650.7 59698.9 61680.6 62237 65278.9 67187.3 67839.2 72879.1 74346.7 75061 76500.6 84109.6 90531.6
-25 8356.05 9072.96 16829.7 25298.4 29821.6 30150.4 37980.9 40587.5 41884.3 42253.8 44879.6 45253.5 46872.4 47063.3 47827.7 50186.5 51293 51696.3 52970.1 53386.3 54441.9 56034.4 57318.2 63311.8 65022 65844.3 68533.3 70201 73312 74315.2 78715.7 82287.3 84644.7 87528.2 90504.9 91584.1 91612.7
-25 1319.52 6671.12 18208.1 20023.3 26947.5 33426.3 33713.4 39563.6 39768.6 40587.5 41327.9 41545.7 41600.1 43294.4 44323.3 44591.3 45804.7 53718.5
-25 3468.59 4340.76 6669.13 6871.17 8124.38 8425.44 9200.57 9427.61 13779.4 19637.4 23418 23748 27112.6 27483.7 29981.1 31663.4 37012.3 37111.3 37614.4 37655.4 38455.6 46206.9 48064.2 49115.4 50079.5 51873.8 53362.1 59514.1
-25 7109.03 7864.6 14105.5 16542.3 20991.3 24802.4 27536 29964.7 30451.6 30895.3 36366.5 36663.3 37883.7 43761.4 45652.8 50405.6 50480.1 55215.8 58340.8 59624.5 61279.6 68019.4 72549.9 74559.1 75028 75629.5
-25 1583.85 2735.96 5793 11650.7 14122.5 15094.5 18158.2 22890.7 26590.9 27055.4 29896.9 32346
-25 970.484 2664.59 3224.84 5023.63 5157.32 5770.6 8236.43 8877.29 10562.2 10563.6 13139.1 13504.1 13868.4 17651.4 20178.7 21618.9 21832.5 22467.3
-25 21339.1 22727.9 30836.9 30879.7
-25 3562.57 3841.67 4478.04 7514.16 8779.12 8960.92 12287.8 14978 15074 15369.3 20257 20342.2 25301.2 30640.3 32871.4 35559.4 39541.4 40207.3 47640.7 47965.1 50340.3 61433 65885.5 67185.3
-25 1344.85 3609.07 8447.23 9313.12 12724.2 14162 14254.7 15116.2 16202.6 20114.1 20751.9 21866.1 22168.6 23951.3 24755.2 24768.2 27449.6 28007.7 28401.9 30385.8 33838.6 34480.9 35406.2 35784.3 36584 36638.5 41043.2 41906.9 43434 44572.6 45249.9 47337.3 48456.2 50454.4 53473.5 58451.1 61105.1 61274.4 62053.9 63345.9 66457.7 68686.8 71182.6
-25 4468.75 10125.1 10276.5 11247.6 12985.4 13563.6 14522.7 14988.7 17702.6 17857 18049.4 18716.9 21341.6 22889 23568.5 24778.1 25899.6 27603.3 29569.6 31351.5 42774.5 43653.4 43808.7
-25 1459.52 4660.36 4897.52 6322.37 6570.88 7970.5 8483.62 8524.96 8552.42 9505.73 11220.4 11764.6 12178.2 23900.9 25320.5 25893 26125.1 27574.4 29382.3 29532.9
-25 9898.15 11752.3 16617.6 17310.6 19350.1 21716.2 26568.8 27453.5 28078.6 28154.3 29453.3 31002 34268.4 34795.9 35509.5 37613.3 38180.4 40345 41287 43057 43805.2 43898.5 47283 49224.2 49638.6 50401.6 50631.4 52714 56239.9 56963.3 57671.2 57770.9 57877 59318.2 59478.7 63624.8 64702.5 66206 70183.7 76693.2 78722.7 96071.1
-25 4962.4 6472.01 7370.9 11569.5 14385.6 14478.3 15782 24354.7 24529.6
-25 2671.14 5253.44 8066.18 10218.6 15641.1 17113.2 17305.7 18988.6 21316.2 23510.6 26749.1 27884.8 28358.4 32375.3 32398.7 35169.5 35770.6 36939 37241.5 39045.6 40900.6 40901.6 42731.2 43832.4 44572 45337.1 46851.9 48111.9 51400.3 57569.6 58916.3 60063.4 61040.3 61212.3 61970.3 63962.9 64793.1 69671.7 69746 69981.4 74590 76007.9 82071.6
-25 1589.04 4479.76 9299.15 12321.9 14019.2 16758.1 17213.2 17399.7 20019.5 21067.6 21656.9 23429.7 24180.8 25214.9 28357.3 31584 33427
-25 504.75 2057.04 3619.29 4356.82 5246.81 7709.11 14119.8 14338.6 16617.2 18091.3 20375 20724.2 31411.3 33205.4 37350.5 37898.3 44972.2 46368 51119.9
-25 9846.56 11211.8 14409 15366.4 17581.8 23984.2 28341.2 29500.1 36573.4 39570.7
-25 10883.8 12140.5 12540.7
-25 8643.87 9651.13 11450.3 17602.9 17725.5 19356.7 29847.2 29925.1 31444.5 32949.7 37879 38802 42299 43676.8 44218 50838.8 51039.3 51969.3 53016.9 54012.1 57526.2 60122.9 60929.7 61745.7 65407.9 67702.2 68639.2 69163.6
-25 1429.21 1797.81 3999.91 6379.55 8905.52 10396.5 13631.6 16166.6 16861.4 22530.9 23396.3 26064.5 28801.8 29572.7 33349 35600.7 37457.4 39752.8 40456.7 43255.9 44841.5 45849.9 46203.4 47937.1 49207.8 50426.6 50541.3 51865.8 55722.3 56502.5 56672 58426 60119.3 67894.3 70436.6 72391.7 75198 75263 76007.6 77681.4 77942.3 80359.8 81582.7 85880.5
-25 5811.13 7022.47 7115.32 10219.5 13766.2 15648.4 16034.2 18020.6 24073.6 26772.1 27177.8 32318.7 35935 36800.8 38773.2 39135.6 39699.4 41507.8 42090 43197.8 45341.7 48455.1 51859.2 53560.6 55799.5 56580.3 56732.8 57784.5 58373.2 58394.4 61405 68456.5 68748 74013.7 74753.6
-25 1945.6 2782 6195.4 6599.6
-25 3427.49 9629.45 12375.5 14715.4 17185.9
-25 4099.41 7446.69 9541.6 18083.4 19345.7 20482.8 22122.4 24816.4 30992.3 31899.5 33696.2 34323.8 34943
-25 579.629 3996.57 7814 8350.22 10878.7 15327.5 16304.8 16503.7 17777.1 19262.2 19782.8 20785.6 21183.4 21875.9 24364.5 24798.4 26373 33550.6 37993.9 43768 43873.1 43906.5 45422.8 48902.3 51651.5 54507.4 56108.2 59270.9 64233.2 67722.6 70951.4 72417.3 81021 84839.2
-25 13478.8 27092.9 29651.3 38678.1 42500.8 46314.4 47462.7 48826.5 54665.8 54894.8 60790.6 61856.8 62258 62368.8 62512.4 62791.6 68365.3 70716.4 73339.4 75036.9 81869.8
-25 9765.5 10894.2 13622.4 18252 24056.3 24194.2 24932.4 27712.2 28331.3 28913.3 30377.7 31193.9 31549.4 33779.8 34647.4 34931.7 37328.6 37921.4 38688.3 39363.4 41523.5 45134.6 50728 50895.1 50925.9 60364.2 62900.8 64740.8 65329.5 70604.3 71579.8 71905.7 74593.7 76294.5 83269.5 87558.3
-25 6748.73 15669.2 18841.3 21677 22219.7 27156.4 28588.1 37078.6 37351.5 38107.7 39150.1
-25 1724.47 5461.4 5545.03 14522.4 17900.7 18239.3 19440 19781.7 20745.9 20806.3 22959.6
-25 4139.17 6408.03 6944.78 15193.2 24214 26223.1 27367.1 28855.2 29013.4 29288.1 30126.5 31820.9 32057.3 32162.1 36608.6 38918.9 39154 41169.4 41790.3 43936 45907.7 47509.1 48460.7 60967.3 61130.9 63134.2 63610.2 64169.1 64902.7 65102.7 66394 67300.7 67672.9 69680.6 69794.8 70854.4 72231.4 73019.4 75300.9 77866.3
-25 631.634 884.616 3948.99 6048.05 7034.74 7595.92 12617 34454.2
-25 1014.82 8837.63 9968.84 10248.6 12085 17830.7 20647.8 21140.6 23386.1 24171.5 25121.6 26003.6 29969.6 30449 34248.2 34403.7 34506.8 35320.6 38553 39172.3 39878.2 40167.1 40564.8 41170.6 45600.4 46658.5 48320.2 50501 51716.7 51985.9 53294.7 53764.8 56076.3 56672 57756.4 57778.4 66522.3 67307.7 68745.7 69196.8
-25 1671.6 2468.11 3007.6 4263.62 6325.37 6987.35 12548.1 14499.4 15144.4 16753 21090.3 23623.6 25245.6 28011.1 28084.8 31927.4
-25 11859 13317.1 13612.2 22865.9 23466.1 24930.1 26208.2 32190.9 33066 33385 34173 34331.3 37915.4 39450.4 39687
-25 663.982 4467.85 11472.4 14488.3 17962.4 18527.3 21331.1 23912.1 25954 26353.1 26561.4 27476.4 28221 28474.3 29886.3 30607.1 33366.2 33979.4 34517.7 37289.9 39315.1 42207 53488.6 53614.2 53628.6 54228.3 54992.9 56561.6 56778 57370.4 59227 60381.3 62405.1 64080.6 64429 65965.2 67831.8 72300.7 73526.1 74303.8 74825.8
-25 756.085 3554.4 4267.3 5443.81 8191.2 9020.14 9599.92 10738.2 14407.3 18897.5 20261 21065.3
-25 1711.51 3028.29 5353.46 7300.42 10393.2 11403.8 12402.8 12747.9 14562.4 14692.6 16459.2 17128.8 20220.2 20856.2 20980.7 22509.6 23227.1 23743.1 24663.3 35413.3 35813.8 42214.6 44476.3 45272 50960.3 55252.2 56206.8 58299.2
-25 11201.2 11782.6 19159.1 20351.6 20729.1 23782.7 23834.9 24322.2 24526.9 25610.9 27347.8 27863.5 30473.8 31667.6 36382.5 38013.2 38917.7 39452.7 40406.6 42529.7 43054.7 47148.5
-25 1977.21 2746.81 9627.15 11846.7 12826.7 22730.9 23824.4 25848.4 26477.6 27461.2 31002.4 33858.3 35785.1 37724 37750.9 38467.4 44316 45626.3 46406.5 46969.2 47532.6 51609.5 52606.5 53593.7 54857.3 57103.1
-25 2315.74 9640.5 12688.7 12867.2 17224.3 17771.3 20406.3 22897.6 23716.8 23828 24876.8 26118.2 26585.5 26909.9 32633 34211.1 35142.7 35662 36564.7 37934.8 41150.5 47956 50164.6 51031.9 51542.9 52793.6 54097.3 54748.3 55939.9 56646.7 58609.6 58958.5 59168.7 62731 64884.5 66958.7 74117.8
-25 1202.65 2549.81 4273.62 6467.86 11118.7 11564.1 12503.3 14878.4 19046.9 20315 21530.4
-25 14370.1 19745 21884.7 23359.9 23900.4 31259.4 31481.7 37941.9 43423.4
-25 1651.4 4929.24 10686.1 10944.8 11114.9 11240.1 11959 13874.7 16410.7 16945.8 21743.4 27682.1 28538.8 30017
-25 3592.38 3739.5 6261.52 10063.4 14548.3 16088.3 18679.6 18891.9 26010.9 26881.9 27241.3 27841.9 29368.8 30517.3 30740.1 32447.4 33351.6 33792.1 34219.2
-25 3266.43 7515.68 9058.9 11780.7 14414 14814.2 15361 16363.8 17751.2 18457.4 18894 21757.4 23016.8 25572.9 25655.1 25877.3 27517.7 28115.3 28355.5 29733.5 33489.6 33808.4 35080 36783.2 37150.6 37984 38759.6 40850.2 41215.4 43629.3 44490.5 46444.7 51335.1 54087 55276.4 56015.4 57383.4 62872.9 66462.3 70595.2 73461.4 78065.8 81061.5 83595.3
-25 5196.83 6395.69 6870.58 9434.43 9784.65 12208.3 12650.2 16013.5 18014.9 18988.2 23484.6 23695.6 23767.9 25303.6 27813.8 28235.1 28660.5 29870.8 30071.6 31853.8 31920.7 32650 34012.6 35888.4 38101 40011.7 40065.3 40458.7 40878.1 44688.3 45526.8 50102.2 53117.2 55924.3
-25 2612.7 9502.23 10085.8 12327.9 12903.5 22410.1 27103.8 31817.8 35426.7 36615.5 37463.9 59679.4
-25 222.171 659.816 2391.89 2558.51 4506.98 5580.15 6192.04 6614.85 8974.04 10725.4 10789 11096.2 15218.9 15564.2 16329.7 17976.7 19821.7 20044.3 21750.9 24465.2 25004.5 27008.9 28016.3 29775.3 30047.6 35024.4 40299.5 41551 42022.7 42607.6 43799.5 47009.3 49401.6 52760.6 57171.2 66422.9 67690.9 74052.2
-25 221.651 4277.72 4629.24 8599.61 8759.86 10258 10960.1 11600.9 13671.2 14819.7 18068.7 19990.9 20649.7 22248.6 24120.4 24444.9 24899.2 26010.4 28054.5 28939 29989.8 30879.4 32318.8
-25 325.897 1137.58 1171.19 3637.98 4599.52 7441.98 12335.1 12674 14451.7 21325.8 22567 24665.2 24805.2 28445.4 28664.9 29105.7 30398.5 30517.6 34332.3 37252 40962.6 41200.1 42868.2 44310.2 44491.1 45895.7 46348.2 48349.8 49734.8 51346.8 52156.6 54199.4
-25 4366.99 14232.3 14904.5 22637.3 28276.8 31282.8 34361.2 35523.9 41378.8 42474.5 48699.2 52006.9 53339.3 53785.1 74373.1 76568.7 80472.3
-25 1205.24 3228.3 9062.51 9614.68 12408.4 16376.8 17279.7 19453 19667.1 19973.5 21362.5 33019.2 33875.9 34015.4 37028.7 37226 40124.4 40908.8 41464.1 43821.1 45546 46321.7 46678.8 50082.3 51449.4 52294.2
-25 2822.15 10009.6 10518.6 27893.6
-25 6757.9 18603.6 21469.3 21745.7 27109 30440.4 31170.3 31764.8 32027.3 37003.7 37162.9 40344.4 41145.1 41526.1 41880.4 42747.7 45382.1 45887.1 46182.7 46391.2 48458 48534.1 49408.1 53815.1 58049.5 59686.9 61846.9 65340.5 66391.6 67106.4 68812.7 69214.8
-25 4318.31 7864.28 11095.4 14595.3 15098.9 19784.4 20922.1 29692 29984.9 30738.5 32593.9 34367.2 34470 36120.2 36120.7 38772.7 39477 39849.6 40234.1
-25 894.188 1360.15 3824.48 7958.1 11952.1 14637 14746.2 14834.1 15777.4 16475.9 16655.3 18227.5 18706.9 20733.7 20900.3 24636.1 27217.5 28728.8 37381.9 38462.6 38719.4 40268.2 40808.5 40866.7 41880.8 45633 45959.9 46282.6 47220 49684.4 50121.3 52746.1
-25 6123.75 8004.21 8038.38 9519.34 9680.65 9803.07 10342.7 11014.2 15066.1 17906 18908.6 19007.7 19365.7 21189.9 21866.5 21976.8 23164.9 25685.9 27330.4 28550.1 28896.4 31257.1 31710.6 36240.8 39092.4 40000.8 40867.8 41825.9 46027.8 50922.3 50955.2 53252.3 58184.8 58699.1 59383.3 62181.7 63092 70446.2 73996.8 75350.3 82708.9
-25 1684.16 1907.82 2301.97 3082.99 3577.71 4588.71 4641.87 5275.48 9899.91 11188 16273.4 16660.2 18423.1 23190.6 25907.9 32706.8 33128.1 37425.5 43733.1
-25 970.976 2775.62 3411.1
-25 7453.64 10845.9 11755 17938.6 21188.8 23253 29237.5 32004.8 37868.3 45682 49186.3 49283.3 52729.6 54199.7 55905.9 56531.9 58687.1 64924.6 66089.7 68359.9
-25 815.237 2561.77 5365.13 5869.52 6838.75 7490.82 7855.43 11654 12177.6 12324.1 15871.8 15977.1 18087.3 18457.9 18747.9 19493.6 21152.8 22632.8 25029.5 26250.4 28401.4 29566.4 29777.3 31453.3 32770.1 33404.1 34364.8 39149.4 41948.6 44982.2 47292.6 49970.4 51712.8 52676.7 53001.1 62058.5 65327.4 73306.8
-25 9151.44 16454.1 19914.7 21914.3 24323.1 24862 25994.2 29548.6 32596.8 32750.7 35394.7 43955.6 45902.6 49421.2 49782.3 50875.9 56717.8
-25 389.166 1993.93 2409.67 7618.51 8565.15 11415.3 13298.5 15602.4 17277.4 17549.6 19080.6 19870.6 20398.4 21123.6 23805 24149.6 26661.4 29719.4 30462.6 33846.8 34295.7 35734.1 36251.4 39872.2 40403.1 42719.1 47769.8 47947 47955.5 51073.3 53425.7
-25 2230.94 2784.85 4961.64 10644.9 15617.5 18348.2 18664.3 21232.5 23199.4 24869.4 25786.7 29731.7 32818.7 34640.2 34830.9 35637.7
-25 7358.39 15316.6 15862 19071.9
-25 745.854 2037.11 2147.6 4038.4 5132.35 5462.98 10466.9 11529.1 15307.9 15660.1 16260.9 17459.6 17961.1 18874.7 19253.7 24773.1 28136.3 28238.7 29647.2 31729.5 33873.1 34128.5
-25 4990.63 8654.63 13674.1 16671 20697 25210.6 29869.5 31984.1 32795.7 34954.9 35209.3 40713.9 43927.4 44482.4 45104.6 46845.6 47533.5 47623.9 48608 50004.2 50747 51533.3 53588.6 55173.8
-25 2812.89 4053.88 13356.7 18259.1 19053.2 20483 25945.4 26210.6 27077.5 29007.2 29979.5 33653.6 34145.1 34160.6 35947.5 36221.2 36639.1 37013.8 38082.6
-25 1315.46 6920.22
-25 3898.66 8631.31 9448.9 9485.13 11352.1 11681.9 12958.1 14589 14780.9 14983.5 18008.5 18115.2 19827 23848.8 28801.2 28853 31485.7 33752.8 38270 38752.8 39581 40160.4 40368.8 49016.5 50199.7
-25 3454.44 6316.05 8838.75 12422 12956.6 13765.9 14715.5 17071.7 17997 19558.8 20518.3 21867.2 23344.9 23769.9 23924.3 28237.3 29402.5 29969.9 30663.2 37984.3 39314.6 43398.5 49555.7 51815.7 51861.3 57461.9 57702.6
-25 1262 4208.02 7333.03 10955.1 12375.1 15169.1 17485.1 17688.1 19179.1 22505.1 24834.1 31147.2 31803.2 33307.2 35053.2 36530.2 37355.2 38146.2 40639.2 40683.2 41267.2 41579.2 44804.2 44828.2 48216.2 48374.2 50612.2 52018.3 53992.3 54171.3 54543.3
-25 1590.39 3556.83 3853.5 8169.08 11802.5 13367.7 13397.7 13514.5 20046 21562.3 27386.5 28270.1 29054.9 30475.2 32190.2 32729.1 34765.8 36423.4 39472.6 41525.1 42107.1 42261.1 42541.4 43152.7 47151.4 51881.3 65794.7
-25 50.9215 409.068 1525.89 4861.85 7124.64 8514.53 9737.04 9916.11 10776 11379.4 14998.8 25671.7 26686.4 28539.5
-25 18845.7 21457.6 26514.6 28765 31199.6 34566.5 35028.3 36077.4 36267.4 39149 40200 42634 42924.4 44384.7 45693.5 46216.5 46340.4 50463.8 51592.5 51947.6 52927.6 53267.2
-25 6068.96 6792.73 14828.6 19693.2 20837.7 20930
-25 2493.55 7119.29 7742.49 8427.16 12271.3 16747.5 20922 25497.1 25695.6 26846.7 27670.1 28160.9 29629.1 30050.6 31434.8 32665.4 33610 34439.7 38636.3 40618.1 47793.1 48072.4 48644.3 49017 49624.5 51368.7 52925.8 55132.4 57169.9 59596.6 59793.3 62030.9 62947.7 63132.3 63653.6 63782.8 66074 66576.8 67059.5 69535.6 74622.4 75051.2 81563.9
-25 1502.05 1981.63 2867.55 2954.38 5824.12 7856.7 9949.45 18708.6 21137.1 22046.7 22347 24070.8 25200 28739.1 28983.6 30169.8 30231.9 31576.8 31962.9 32818.8 36306.8 37055 38012.2 39770.2 41089.1 41597.8 48048.7 53961.2 57395.4 58114.4 58804.3 60667.1 62125.7 62208.7 73239.8 73893.9
-25 4309.42 8684.62 9433.91 13375.2 20516 35230.4
-25 746.145 9101.13 10764 15325.4 16508 17013.3 17592.2 18762.3 19311.2 21678.7 21682.8 24050.4 26257.8 26575.6 27488.3 27962.2 30242.4 30363 32312.7 33912.2 36947.8 37753.4 38614.8 40131.1 40541.7 40990.6 41417.9 45421.2 46473.1 47983.1 48497.5 50694.4 52435.2 54298.8 60900.4 61732.9 63297 65383.8
-25 967.076 2786.28 5263.91 5303.73 6213.1 6655.94 7744.25 8102.54 11417.5 20285 20544 24667.7 28499.4 30485.4 35405.3 36869.4 43952
-25 2042.84 2702.04 6163.29 11306.2 11588.3 12656.9 13816.8 16135.9 16257.5 16303.3 16843.9 16978.1 19075.3 19568 19933.3 30073.6 32825.6 33247.5 34520.9 37253.3 37806.2 39495.2 40242.8 40944.7 43371 43463.5 44553.7 45061 48015.2 48179.5 48423.2 50811.9 53836.1 53913 54471.2 60248.1 61516.5 63666
-25 8941.21 9678.93 11734.1 18502.5 21045 27343.2 31647.5 37293.4 38601.9 38816.9 42970.5 43171.5 45051.7 45312 46041.7 46952.1 47748.1 49327.9 49404.3 49454.4 50415.3 50551.9 61038.8 63339.1 64265.7 64690.8 66049.5 66633.4 66881.5
-25 1320.92 3355.78 6381.81 7306.7 11740.2 12221.7 12618.8 16548.7 17426.4 18452.8 18757.5 19469.2 20687.6 21551.2 22837 23954 24294.8 24394.3 24977.4 31792.5 37746 38181.4 41546.2 41899.1 43854.5 46683.4 47380.2 47859.7 51156.1 54266.6 55100.1 55851.1 56482.3
-25 6248.62 11689.7 15072.2 16478.6 17193.5 24329.6
-25 10669.1 11030.5 23037.2 26137.9 26904.4 41486.6
-25 8750.86 9943.32 19686.5 24806.1 26451.7 27694.9 31098.7 34754.5 37610.8 39950.2 40526.1 48301.9 58465.3
-25 3434.1 4369.38 7288.13 9456.6 9610.53 12646.3 16311.8 16844.3 18871 20441.8 21680.8 22992.7 23193.5 23864
-25 318.693 437.961 2285.19 2301.23 3303.54 5668.95 7324.68 8734.95 9106.79 9495.66 14898 17295.5 18741.8 19398.3
Map 4
Trees = 96095
-25 1715.77 3305.83 3377.42 19168 20198.8 21737.9 22330.3 28869.9 30853.7 31668.9 31891.6
-25 1578.2 5410.51 13716.9 17410.7 26304.7 41744.2 45281.7 47715.2 48897.5 49693.6 63368.3 70056.3
-25 5461.21 8650.58 18773.7 19549 21663.6 23638 27000.6 32058.2 33224.2 34002.5 36391.5 37935.1 38984.9 47476.2 47893 49875.3 50677.7 51348.8 53847 63207.9 63904 64379.8 77690.4 79520.4 79752.9 81408.6
-25 5023.26 7875.41 8959.86 16953.3 18528.3 19946.2 20486.2 20987.7 41787.9 53252.9 53543.9
-25 32796.7 34243.9 37478.9 38244.2 39322.8 39363.8 52701.3 56579.4 57028.5 61549.2 63385.9 64353.7 64669.9 65245.5 67929.4 69892.5 69953 70440.9 72542.7 73226 75931.4 76593.3 77464.9 86044.8 88363.6 88985
-25 3052.96 15027.7 17701.9
-25 703.239 1921.21 10104.3 12640.8 14946.1 16965.7 18692.4 20490.2 29235.2 30156.7 31991.3 32982.4 35912.8 38143.1 38595.5 40539.5 45371.2 60168 68091.7 71165.1 73911.4
-25 28025.2 28520.9 30196.2 32165 33127.3 40020
-25 1555.46 12470.9 13393.3 14817.5 15701.3 16300.8 17980.6 18023.4 19254.3 22872.4 26639.1 26766.4 32052.1 37168.8 39917.7 47083.6 47971.5 48692.2 54406.5 62977.5 63213.6 70011.1 76383.1 76629.2
-25 8055.14 11205.6 13508.7 16285.8 17001.1 17503.5 19764.9 20510.6 26017 28160.1 29181.4 31397.5 38426.3 38694.7 42199.7 43441.1 44397.5 48246.6 50087.5
-25 268.732 4096.68 11123 35550.8 42099 45776.6 51596.5 54022.6 57747.7
-25 1925.25 2975.53 15453.8 16615.5 18176.1 18673.1 21550.2 28537.7 28945.6 31151.3 31421.1 32669.5 35210.2 36244.9 39519.6 40569.5 47783.8 48111.6 51789 62210.9 63508.1 65503.1
-25 6911.05 8850.28 22758.7 25158.3 26284.2 29612.7
-25 5856.28 19720.7 23909.7 28228.5
-25 1447.48 5193.91 6044.57 32954.6 35714.8 39057.8 41604.4 42992.2
-25 4936.28 13010.2 13777.5 17366.8 18873.3 28426.1 28696.8 29609.7 37721.9 39421 39644 41689 41844.6 42165.3 43536.5 43914.3 44803.3 50252.3 51444.5 60802.5 66689.5 68103.4 68990.8 72001.6 79395.7 86755 88726.2 94672.5 95966.9 101666
-25 13474.7 14974.4
-25 9987.51 10802.3
-25 1436.28 2293.52 8540.76 9275.04 9867.15 11370.9 26958.1 36326.3 36844.2 39769.4 46743.6 48636.7
-25 3275.72 17683.3 20770.3 20879 26359.9 26971.9 30776.7 41470.3 47133.8 47820.9 52842 56667.9 56812.8 63897 71874.4 77518.2 77783.9 78298.3 80642.7 88799
-25 10427.3 16619.3 30984.2 35088.1
-25 993.942 2465.54 8117.02 17680.9 27080.3
-25 516.977 24537.8 36400.1 39747.8 54369.3 56372.5
-25 8937.54 9828.05 16229.2 21116.2
-25 1650.91 3117.27 10937 11662.8 14495.5 17016.2 19110.5 23822.2 25800.5 27055.6 30299.2 38443.3 38779.1
-25 2358.19 7423.83 7459.12
-25 27822.8 28320.3 30690.8 33299.2 37173.3 38132.3 39054.5 39254.7 41656.6 42432.1 52180.8 55211.7 64460.6 66161.6 66211.9 67787.9 69325.3 70356.4 81786.1 86161.5 88292 88375.8 94115.3 99145.4 101894
-25 4190.61 5692.55 6439.04 7365.59 8504.33 9924.21 20602.9 22434.1 27542.3 29754.7 33001.7 34481.6 35032 35548.3 36574.9 37802.7 40668.5 48845.6 56291.3 58058.4 69460.6
-25 2922.16 4342.28 31628.3 32396.1 32761.1 42240.4 43854.5 43895 44490 47232.2
-25 11712.8 18429.5 27800.7 30627.2 31680.4 33698.2 35424.5 36004.9 36132.3 37819.3 40261.6 41151.3 42250.8 42757.2 43768.2 47279 48955.8 49761.3 50091.2 59728.5 65699 66466.5 67961.6 71226.7 80713.1 82319.3
-25 1962.97 7237.15 7432.28 13280.8 27477 30813.8 37776.9 38995.4 41113.7 51028.2 52704.6 53888.6 62315.9
-25 1901.83 5546.85 13257.3 13381.4 18205.7 20681.2
-25 8139.44 17115.1 23497 24558.7 33286.4 34853.7 38563.5 38882.8 47505.9 54353.4 55043.8 56991.6
-25 16233.7 16444.2 22664.5 29799.5 43374.9
-25 12858.2 13017.9 13243.4 14861.3 15384.6 19618.3 21789.9 24528.7 26327.4 31626.6
-25 2373.24 11204.8 14136.2 17006.1 19027.5 19388.8 19670.1 22238.4 25568.5 27624.9 28315.2 29793.7 30802.2 31324.3 33220.3 39874.2 43042.9 46977.8 52546.7
-25 974.056 8741.98 14654.9 19680.7 21640.9 24897.5 28555.8 29117.5 30930.3 32837.9 33335.6 36248.3 37880.1 40011.8 42612.6 53572.9
-25 3138.68 6674.56 7844.37 9705.53 11984.3 12873.4 19440.1 20235 21240.3 23753.1 25917.9
-25 596.491 1671.48 3060.67 6917.13 10397.5 13039 14584.8 31857.4 33242.4
-25 5305.91 7092.47 7690.07 9528.25 10267.6 13796.1 14734.9 23000.2 24156.7 25946.3 28026.6 28218 29128.4 34756.4 36830.7 38766 40944.5 41216.9 54684.4
-25 572.522 2531.53 3171.48 7371.17 10493.2 26967.3 35088.7
-25 36638.7 38432.8 40778.9 41407.3 42335.1 43787.3 50899.1 53364 61228.1 61563.5 62426.2 66702.2 68599.6 68756 70915.9 71349.7 72741.8 73087.8 73823.2 75450.9 75802.6 84514.5 85524.4 86027.6 98249.7 99768.4 100974 104170 123219
-25 550.129 2777.98 6422.85 16982.7 23552.4 31351.1 33132.4 35813.8 44902.5 46237.5 62657.8
-25 2170.24 5899.35 6814.47 13091.5 14809.4 17677.6 18862.4 19356.9 23172.9 25867.7 31964.7 35920 36214.3 39041.7 41017.6 41075.3
-25 9015.18 12142.8 15221.5 17473.5 17814.9 18033.9 21485.1 25433.1 25930.4 28929 29043.1 29775.6 31920.7 36419 38294.2 50273.9 50690.5 54040.5 57919 63757.1
-25 8286.23 15869 19627.6 22694.1 25118.2 25708.4 26851.1 33092.2 35029.9 37615.2 39326.2 52640.7 53564
-25 6907.46 12886.6 14672 17077.5 17288.6 34555.4 37656.9 39644.2 41593 41758.2 42341.8 43690.5 45052.4 45928.2 48450.1 51967.8 54224.5
-25 16071.2 33824.9 42450.6 44706.4 54796.3 56138.5 58079.2 67329.4 68449.2 80134.7 81407.7 82395.5 96413.1 96794.9 103621
-25 2341.8 22012
-25 855.236 1198.45 15282.6 16452.2 18740.9 21129.3 22536.4 27671.9 32740.8 36029.6 39151.8 40631.8 42554.5 44456.9 48663.5 50503.3 51104.3 52057.1 54183.5 54425.1 56937.7 57895.8
-25 7535.73 15090.8 19119.4 24607 26114.8 26636 31563.1 32010.3 36313.8
-25 1425.5 12325.8 12663.9
-25 331.109 2186.46 3525.41 12440.4 13020.7 13285.7 16578.1
-25 8730.71 9731.95 16418 25830 51454.9 58464.8 62298.7 65640.7 73703 79510.1
Map 5
Trees = 54810
